F:\ООП\ДЗ_к_10.02_СЛУ\ДЗ_к_10.02_СЛУ\DEBUG\MAIN1.OBJ
F:\ООП\ДЗ_К_10.02_СЛУ\ДЗ_К_10.02_СЛУ\DEBUG\VC110.PDB
F:\ООП\ДЗ_к_10.02_СЛУ\DEBUG\ДЗ_к_10.02_СЛУ.ILK
F:\ООП\ДЗ_к_10.02_СЛУ\DEBUG\ДЗ_к_10.02_СЛУ.EXE
F:\ООП\ДЗ_К_10.02_СЛУ\DEBUG\ДЗ_К_10.02_СЛУ.PDB
F:\ООП\ДЗ_к_10.02_СЛУ\ДЗ_к_10.02_СЛУ\Debug\main1.obj
F:\ООП\ДЗ_к_10.02_СЛУ\ДЗ_к_10.02_СЛУ\Debug\CL.read.1.tlog
F:\ООП\ДЗ_к_10.02_СЛУ\ДЗ_к_10.02_СЛУ\Debug\CL.write.1.tlog
F:\ООП\ДЗ_к_10.02_СЛУ\ДЗ_к_10.02_СЛУ\Debug\cl.command.1.tlog
F:\ООП\ДЗ_к_10.02_СЛУ\ДЗ_к_10.02_СЛУ\Debug\link-rc.read.1.tlog
F:\ООП\ДЗ_к_10.02_СЛУ\ДЗ_к_10.02_СЛУ\Debug\link-rc.write.1.tlog
F:\ООП\ДЗ_к_10.02_СЛУ\ДЗ_к_10.02_СЛУ\Debug\link-cvtres.read.1.tlog
F:\ООП\ДЗ_к_10.02_СЛУ\ДЗ_к_10.02_СЛУ\Debug\link-cvtres.write.1.tlog
F:\ООП\ДЗ_к_10.02_СЛУ\ДЗ_к_10.02_СЛУ\Debug\link.read.1.tlog
F:\ООП\ДЗ_к_10.02_СЛУ\ДЗ_к_10.02_СЛУ\Debug\link.write.1.tlog
F:\ООП\ДЗ_к_10.02_СЛУ\ДЗ_к_10.02_СЛУ\Debug\link.command.1.tlog
F:\ООП\ДЗ_к_10.02_СЛУ\ДЗ_к_10.02_СЛУ\Debug\vc110.idb
F:\ООП\ДЗ_к_10.02_СЛУ\ДЗ_к_10.02_СЛУ\Debug\vc110.pdb
F:\ООП\ДЗ_к_10.02_СЛУ\Debug\ДЗ_к_10.02_СЛУ.pdb
F:\ООП\ДЗ_к_10.02_СЛУ\Debug\ДЗ_к_10.02_СЛУ.exe
F:\ООП\ДЗ_к_10.02_СЛУ\Debug\ДЗ_к_10.02_СЛУ.ilk
